2025-04-08 01:21:53 - LCBot.Pipeline - INFO - 管线初始化
2025-04-08 01:21:56 - LCBot.Pipeline - INFO - [Pipeline] 强制清理用户 user 的资源
2025-04-08 01:21:56 - LCBot.Pipeline - INFO - [Pipeline] 标记用户 user 已断开连接
2025-04-08 01:21:56 - LCBot.Pipeline - INFO - [Pipeline] 强制清理用户 user 的资源
2025-04-08 01:21:56 - LCBot.Pipeline - INFO - [Pipeline] 标记用户 user 已断开连接
2025-04-08 01:23:46 - LCBot.Pipeline - INFO - [Pipeline] 标记用户 user 已断开连接
2025-04-08 01:23:46 - LCBot.Pipeline - INFO - [Pipeline] 清理用户 user 的资源
2025-04-08 01:23:46 - LCBot.Pipeline - INFO - [Pipeline] 强制清理用户 user 的资源
2025-04-08 01:23:46 - LCBot.Pipeline - INFO - [Pipeline] 标记用户 user 已断开连接
2025-04-08 01:23:46 - LCBot.Pipeline - INFO - [Pipeline] 清理用户 user 的资源
2025-04-08 01:23:49 - LCBot.Pipeline - INFO - 管线初始化
2025-04-08 01:23:51 - LCBot.Pipeline - INFO - [Pipeline] 强制清理用户 user 的资源
2025-04-08 01:23:51 - LCBot.Pipeline - INFO - [Pipeline] 标记用户 user 已断开连接
2025-04-08 01:23:51 - LCBot.Pipeline - INFO - [Pipeline] 强制清理用户 user 的资源
2025-04-08 01:23:51 - LCBot.Pipeline - INFO - [Pipeline] 标记用户 user 已断开连接
2025-04-08 01:24:13 - LCBot.Pipeline - INFO - [Pipeline] 标记用户 user 已断开连接
2025-04-08 01:24:13 - LCBot.Pipeline - INFO - [Pipeline] 清理用户 user 的资源
2025-04-08 01:24:13 - LCBot.Pipeline - INFO - [Pipeline] 强制清理用户 user 的资源
2025-04-08 01:24:13 - LCBot.Pipeline - INFO - [Pipeline] 标记用户 user 已断开连接
2025-04-08 01:24:13 - LCBot.Pipeline - INFO - [Pipeline] 用户 user 已断开连接，停止添加数据
2025-04-08 01:24:13 - LCBot.Pipeline - INFO - [Pipeline] 清理用户 user 的资源
2025-04-08 01:27:05 - LCBot.Pipeline - INFO - 管线初始化
2025-04-08 01:27:07 - LCBot.Pipeline - INFO - [Pipeline] 强制清理用户 user 的资源
2025-04-08 01:27:07 - LCBot.Pipeline - INFO - [Pipeline] 标记用户 user 已断开连接
2025-04-08 01:27:07 - LCBot.Pipeline - INFO - [Pipeline] 强制清理用户 user 的资源
2025-04-08 01:27:07 - LCBot.Pipeline - INFO - [Pipeline] 标记用户 user 已断开连接
2025-04-08 01:27:29 - LCBot.Pipeline - INFO - [Pipeline] 标记用户 user 已断开连接
2025-04-08 01:27:29 - LCBot.Pipeline - INFO - [Pipeline] 清理用户 user 的资源
2025-04-08 01:27:29 - LCBot.Pipeline - INFO - [Pipeline] 强制清理用户 user 的资源
2025-04-08 01:27:29 - LCBot.Pipeline - INFO - [Pipeline] 标记用户 user 已断开连接
2025-04-08 01:27:29 - LCBot.Pipeline - INFO - [Pipeline] 清理用户 user 的资源
2025-04-08 01:27:32 - LCBot.Pipeline - INFO - [Pipeline] 标记用户 user 的任务完成
2025-04-08 01:27:33 - LCBot.Pipeline - INFO - [Pipeline] 标记用户 user 的任务完成
2025-04-08 01:27:35 - LCBot.Pipeline - INFO - [Pipeline] 标记用户 user 的任务完成
2025-04-08 01:27:36 - LCBot.Pipeline - INFO - [Pipeline] 标记用户 user 的任务完成
2025-04-08 01:27:38 - LCBot.Pipeline - INFO - [Pipeline] 标记用户 user 的任务完成
2025-04-08 01:27:39 - LCBot.Pipeline - INFO - [Pipeline] 标记用户 user 的任务完成
2025-04-08 01:27:41 - LCBot.Pipeline - INFO - [Pipeline] 标记用户 user 的任务完成
2025-04-08 01:27:47 - LCBot.Pipeline - INFO - [Pipeline] 标记用户 user 的任务完成
2025-04-08 01:27:48 - LCBot.Pipeline - INFO - [Pipeline] 标记用户 user 的任务完成
2025-04-08 01:34:31 - LCBot.Pipeline - INFO - [Pipeline] 强制清理用户 user 的资源
2025-04-08 01:34:31 - LCBot.Pipeline - INFO - [Pipeline] 标记用户 user 已断开连接
2025-04-08 01:34:31 - LCBot.Pipeline - INFO - [Pipeline] 强制清理用户 user 的资源
2025-04-08 01:34:31 - LCBot.Pipeline - INFO - [Pipeline] 标记用户 user 已断开连接
